make all --print-data-base --no-builtin-variables --no-builtin-rules --question
# GNU Make 3.81
# Copyright (C) 2006  Free Software Foundation, Inc.
# This is free software; see the source for copying conditions.
# There is NO warranty; not even for MERCHANTABILITY or FITNESS FOR A
# PARTICULAR PURPOSE.

# This program built for i386-apple-darwin11.3.0
 
make: *** No rule to make target `all'.  Stop.


# Make data base, printed on Sat May  7 01:17:56 2022

# Variables

# automatic
<D = $(patsubst %/,%,$(dir $<))
# automatic
 
?F = $(notdir $?)
# environment
VSCODE_LOG_NATIVE = false
# makefile (from `Makefile', line 2)
TARGET := riscv64gc-unknown-none-elf
# automatic
?D = $(patsubst %/,%,$(dir $?))
# environment
CPPFLAGS = -I/opt/homebrew/opt/openjdk@11/include
# makefile (from `Makefile', line 16)
KERNEL_ENTRY_PA := 0x80200000
# automatic
@D = $(patsubst %/,%,$(dir $@))
# automatic
@F = $(notdir $@)
# makefile
CURDIR := /Users/tianxiaoqing/D/github/ros
# makefile
SHELL = /bin/sh
# environment
VSCODE_NLS_CONFIG = {"locale":"zh-cn","availableLanguages":{},"_languagePackSupport":true}
# environment
_ = /usr/bin/make
# environment
STARSHIP_SESSION_KEY = 2263494077034626
# environment
VSCODE_VERBOSE_LOGGING = true
# environment
__CFBundleIdentifier = com.microsoft.VSCode
# environment
INFOPATH = /opt/homebrew/share/info:
# environment
VSCODE_IPC_HOOK_EXTHOST = /var/folders/c3/5q7v4m8n3kbcf2ln6bf4wvxh0000gn/T/vscode-ipc-853e7814-c6d9-48f3-9399-bfe034bef659.sock
# makefile (from `Makefile', line 23)
K210-BURNER = ../tools/kflash.py
# environment
VSCODE_CWD = /
# environment
PATH = /opt/homebrew/opt/openjdk@11/bin:/opt/homebrew/bin:/opt/homebrew/sbin:/usr/local/bin:/usr/bin:/bin:/usr/sbin:/sbin:/Applications/VMware Fusion.app/Contents/Public:/usr/local/share/dotnet:~/.dotnet/tools:/Library/Apple/usr/bin:/Library/Frameworks/Mono.framework/Versions/Current/Commands:/Applications/Wireshark.app/Contents/MacOS:/Users/tianxiaoqing/.cargo/bin
# makefile (from `Makefile', line 1)
MAKEFILE_LIST :=  Makefile
# makefile (from `Makefile', line 30)
DISASM = -x
# environment
VSCODE_LOG_STACK = false
# environment
ELECTRON_RUN_AS_NODE = 1
# environment
RUSTUP_DIST_SERVER = https://mirror.sjtu.edu.cn/rust-static
# default
.FEATURES := target-specific order-only second-expansion else-if archives jobserver check-symlink
# environment
SSH_AUTH_SOCK = /private/tmp/com.apple.launchd.Gx0Sf1uYcO/Listeners
# automatic
%F = $(notdir $%)
# makefile (from `Makefile', line 10)
SBI = rustsbi
# environment
VSCODE_PIPE_LOGGING = true
# environment
PWD = /Users/tianxiaoqing/D/github/ros
# makefile (from `Makefile', line 3)
MODE := release
# environment
HOMEBREW_CELLAR = /opt/homebrew/Cellar
# environment
ORIGINAL_XDG_CURRENT_DESKTOP = undefined
# environment
MANPATH = /opt/homebrew/share/man::
# environment
VSCODE_AMD_ENTRYPOINT = vs/workbench/api/node/extensionHostProcess
# environment
HOME = /Users/tianxiaoqing
# default
MAKEFILEPATH := /Applications/Xcode.app/Contents/Developer/Makefiles
# environment
VSCODE_CODE_CACHE_PATH = /Users/tianxiaoqing/Library/Application Support/Code/CachedData/57fd6d0195bb9b9d1b49f6da5db789060795de47
# makefile (from `Makefile', line 5)
KERNEL_BIN := target/riscv64gc-unknown-none-elf/release/ros.bin
# environment
LOGNAME = tianxiaoqing
# environment
APPLICATION_INSIGHTS_NO_DIAGNOSTIC_CHANNEL = 1
# environment
VSCODE_HANDLES_UNCAUGHT_ERRORS = true
# automatic
^D = $(patsubst %/,%,$(dir $^))
# makefile (from `Makefile', line 22)
K210-SERIALPORT = /dev/ttyUSB0
# environment
XPC_FLAGS = 0x0
# default
MAKE = $(MAKE_COMMAND)
# default
MAKECMDGOALS := all
# environment
SHLVL = 1
# environment
JAVA_HOME = /Library/Java/JavaVirtualMachines/openjdk-11.jdk/Contents/Home
# default
MAKE_VERSION := 3.81
# environment
USER = tianxiaoqing
# makefile
.DEFAULT_GOAL := build
# environment
HOMEBREW_BOTTLE_DOMAIN = https://mirrors.tuna.tsinghua.edu.cn/homebrew-bottles/bottles
# automatic
%D = $(patsubst %/,%,$(dir $%))
# default
MAKE_COMMAND := /Applications/Xcode.app/Contents/Developer/usr/bin/make
# default
.VARIABLES := 
# environment
TMPDIR = /var/folders/c3/5q7v4m8n3kbcf2ln6bf4wvxh0000gn/T/
# automatic
*F = $(notdir $*)
 
# environment
VSCODE_IPC_HOOK = /Users/tianxiaoqing/Library/Application Support/Code/1.67.0-main.sock
# makefile
MAKEFLAGS = Rrqp
# environment
MFLAGS = -Rrqp
# automatic
*D = $(patsubst %/,%,$(dir $*))
# makefile (from `Makefile', line 12)
K210_BOOTLOADER_SIZE := 131072
# environment
XPC_SERVICE_NAME = application.com.microsoft.VSCode.15759769.15759776
# environment
HOMEBREW_PREFIX = /opt/homebrew
# automatic
+D = $(patsubst %/,%,$(dir $+))
# makefile (from `Makefile', line 26)
OBJDUMP := rust-objdump --arch-name=riscv64
# automatic
+F = $(notdir $+)
# makefile (from `Makefile', line 9)
BOARD = qemu
# environment
HOMEBREW_REPOSITORY = /opt/homebrew
# environment
__CF_USER_TEXT_ENCODING = 0x1F5:0x19:0x34
# environment
COMMAND_MODE = unix2003
# default
MAKEFILES := 
# automatic
<F = $(notdir $<)
# makefile (from `Makefile', line 4)
KERNEL_ELF := target/riscv64gc-unknown-none-elf/release/ros
# environment
LC_ALL = C
# makefile (from `Makefile', line 6)
DISASM_TMP := target/riscv64gc-unknown-none-elf/release/asm
# makefile (from `Makefile', line 11)
BOOTLOADER := bootloader/rustsbi-qemu.bin
# automatic
^F = $(notdir $^)
# makefile (from `Makefile', line 27)
OBJCOPY := rust-objcopy --binary-architecture=riscv64
# default
SUFFIXES := 
# environment
MAKELEVEL := 0
# environment
LANG = C
# environment
VSCODE_PID = 15746
# environment
STARSHIP_SHELL = zsh
# environment
RUSTUP_UPDATE_ROOT = https://mirror.sjtu.edu.cn/rust-static/rustup
# variable set hash-table stats:
# Load=88/1024=9%, Rehash=0, Collisions=12/125=10%

# Pattern-specific Variable Values

# No pattern-specific variable values.

# Directories

# . (device 16777233, inode 15701131): 13 files, no impossibilities.

# 13 files, no impossibilities in 1 directories.

# Implicit Rules

# No implicit rules.

# Files

run-inner: build
#  Phony target (prerequisite of .PHONY).
#  Implicit rule search has not been done.
#  File does not exist.
#  File has not been updated.
#  commands to execute (from `Makefile', line 66):
	@qemu-system-riscv64 \
	-machine virt \
	-nographic \
	-bios $(BOOTLOADER) \
	-device loader,file=$(KERNEL_BIN),addr=$(KERNEL_ENTRY_PA)
	

# Not a target:
all:
#  Command-line target.
#  Implicit rule search has been done.
#  File does not exist.
#  File has not been updated.
# variable set hash-table stats:
# Load=0/32=0%, Rehash=0, Collisions=0/0=0%

.PHONY: build env kernel clean disasm disasm-vim run-inner
#  Implicit rule search has not been done.
#  Modification time never checked.
#  File has not been updated.

target/riscv64gc-unknown-none-elf/release/ros.bin: kernel
#  Implicit rule search has not been done.
#  Modification time never checked.
#  File has not been updated.
#  commands to execute (from `Makefile', line 41):
	@$(OBJCOPY) $(KERNEL_ELF) --strip-all -O binary $@
	

# Not a target:
.SUFFIXES:
#  Implicit rule search has not been done.
#  Modification time never checked.
#  File has not been updated.

# Not a target:
Makefile:
#  Implicit rule search has been done.
#  Last modified 2022-05-06 00:03:18
#  File has been updated.
#  Successfully updated.
# variable set hash-table stats:
# Load=0/32=0%, Rehash=0, Collisions=0/0=0%

kernel:
#  Phony target (prerequisite of .PHONY).
#  Implicit rule search has not been done.
#  File does not exist.
#  File has not been updated.
#  commands to execute (from `Makefile', line 44):
	@echo Platform: $(BOARD)
	@cp src/linker-$(BOARD).ld src/linker.ld
	@cargo build --release
	@rm src/linker.ld
	

debug: build
#  Implicit rule search has not been done.
#  Modification time never checked.
#  File has not been updated.
#  commands to execute (from `Makefile', line 82):
	@tmux new-session -d \
	"qemu-system-riscv64 -machine virt -nographic -bios $(BOOTLOADER) -device loader,file=$(KERNEL_BIN),addr=$(KERNEL_ENTRY_PA) -s -S" && \
	tmux split-window -h "riscv64-unknown-elf-gdb -ex 'file $(KERNEL_ELF)' -ex 'set arch riscv:rv64' -ex 'target remote localhost:1234'" && \
	tmux -2 attach-session -d
	

build: env target/riscv64gc-unknown-none-elf/release/ros.bin
#  Phony target (prerequisite of .PHONY).
#  Implicit rule search has not been done.
#  File does not exist.
#  File has not been updated.

# Not a target:
.DEFAULT:
#  Implicit rule search has not been done.
#  Modification time never checked.
#  File has not been updated.

run: run-inner
#  Implicit rule search has not been done.
#  Modification time never checked.
#  File has not been updated.
#  commands to execute (from `Makefile', line 62):
	

clean:
#  Phony target (prerequisite of .PHONY).
#  Implicit rule search has not been done.
#  File does not exist.
#  File has not been updated.
#  commands to execute (from `Makefile', line 50):
	@cargo clean
	

disasm-vim: kernel
#  Phony target (prerequisite of .PHONY).
#  Implicit rule search has not been done.
#  File does not exist.
#  File has not been updated.
#  commands to execute (from `Makefile', line 56):
	@$(OBJDUMP) $(DISASM) $(KERNEL_ELF) > $(DISASM_TMP)
	@vim $(DISASM_TMP)
	@rm $(DISASM_TMP)
	

disasm: kernel
#  Phony target (prerequisite of .PHONY).
#  Implicit rule search has not been done.
#  File does not exist.
#  File has not been updated.
#  commands to execute (from `Makefile', line 53):
	@$(OBJDUMP) $(DISASM) $(KERNEL_ELF) | less
	

env:
#  Phony target (prerequisite of .PHONY).
#  Implicit rule search has not been done.
#  File does not exist.
#  File has not been updated.
#  commands to execute (from `Makefile', line 35):
	(rustup target list | grep "riscv64gc-unknown-none-elf (installed)") || rustup target add $(TARGET)
	cargo install cargo-binutils --vers ~0.2
	rustup component add rust-src
	rustup component add llvm-tools-preview
	

# files hash-table stats:
# Load=15/1024=1%, Rehash=0, Collisions=0/42=0%
# VPATH Search Paths

# No `vpath' search paths.

# No general (`VPATH' variable) search path.

 
# # of strings in strcache: 1
# # of strcache buffers: 1
# strcache size: total = 4096 / max = 4096 / min = 4096 / avg = 4096
# strcache free: total = 4087 / max = 4087 / min = 4087 / avg = 4087

# Finished Make data base on Sat May  7 01:17:56 2022

 
